빌드 시작: 2017-12-03 오후 1:46:10
     1>2 노드의 "C:\Users\서유경\ShootingGame\ShootingGame\ShootingGame\ShootingGame.vcxproj" 프로젝트(build 대상)입니다.
     1>InitializeBuildStatus:
         "AlwaysCreate"이(가) 지정되었기 때문에 "Debug\ShootingGame.unsuccessfulbuild"을(를) 만들고 있습니다.
       ClCompile:
         모든 출력이 최신 상태입니다.
         c:\Program Files (x86)\Microsoft Visual Studio 10.0\VC\bin\CL.exe /c /ZI /nologo /W3 /WX- /Od /Oy- /D WIN32 /D _DEBUG /D _CONSOLE /D _UNICODE /D UNICODE /Gm /EHsc /RTC1 /MDd /GS /fp:precise /Zc:wchar_t /Zc:forScope /Fo"Debug\\" /Fd"Debug\vc100.pdb" /Gd /TP /analyze- /errorReport:prompt Stage.cpp
         Stage.cpp
     1>c:\users\서유경\shootinggame\shootinggame\shootinggame\stage.cpp(55): warning C4996: 'kbhit': The POSIX name for this item is deprecated. Instead, use the ISO C++ conformant name: _kbhit. See online help for details.
                 c:\program files (x86)\microsoft visual studio 10.0\vc\include\conio.h(130) : 'kbhit' 선언을 참조하십시오.
     1>c:\users\서유경\shootinggame\shootinggame\shootinggame\stage.cpp(56): warning C4996: 'getch': The POSIX name for this item is deprecated. Instead, use the ISO C++ conformant name: _getch. See online help for details.
                 c:\program files (x86)\microsoft visual studio 10.0\vc\include\conio.h(128) : 'getch' 선언을 참조하십시오.
     1>c:\users\서유경\shootinggame\shootinggame\shootinggame\stage.cpp(58): warning C4996: 'getch': The POSIX name for this item is deprecated. Instead, use the ISO C++ conformant name: _getch. See online help for details.
                 c:\program files (x86)\microsoft visual studio 10.0\vc\include\conio.h(128) : 'getch' 선언을 참조하십시오.
       ManifestResourceCompile:
         모든 출력이 최신 상태입니다.
       Link:
         c:\Program Files (x86)\Microsoft Visual Studio 10.0\VC\bin\link.exe /ERRORREPORT:PROMPT /OUT:"C:\Users\서유경\ShootingGame\ShootingGame\Debug\ShootingGame.exe" /INCREMENTAL /NOLOGO kernel32.lib user32.lib gdi32.lib winspool.lib comdlg32.lib advapi32.lib shell32.lib ole32.lib oleaut32.lib uuid.lib odbc32.lib odbccp32.lib /MANIFEST /ManifestFile:"Debug\ShootingGame.exe.intermediate.manifest" /MANIFESTUAC:"level='asInvoker' uiAccess='false'" /DEBUG /PDB:"C:\Users\서유경\ShootingGame\ShootingGame\Debug\ShootingGame.pdb" /SUBSYSTEM:CONSOLE /TLBID:1 /DYNAMICBASE /NXCOMPAT /IMPLIB:"C:\Users\서유경\ShootingGame\ShootingGame\Debug\ShootingGame.lib" /MACHINE:X86 Debug\ShootingGame.exe.embed.manifest.res
         Debug\Bullet.obj
         Debug\BulletDatabase.obj
         Debug\Character.obj
         Debug\Hero.obj
         Debug\Item.obj
         Debug\ItemBomb.obj
         Debug\ItemDamageDown.obj
         Debug\ItemHeal.obj
         Debug\ItemPoint.obj
         Debug\ItemPowerUp.obj
         Debug\ItemSpeedUp.obj
         Debug\Menu.obj
         Debug\Monster.obj
         Debug\MonsterBoss.obj
         Debug\MonsterDatabase.obj
         Debug\MonsterLarge.obj
         Debug\MonsterMiddle.obj
         Debug\MonsterNormal.obj
         Debug\Music.obj
         Debug\Ranking.obj
         Debug\RankingDatabase.obj
         Debug\screenBuffer.obj
         Debug\Setting.obj
         Debug\ShootingGame.obj
         Debug\Sound.obj
         Debug\Stage.obj
         Debug\Stage_1.obj
         Debug\Stage_2.obj
         Debug\Stage_3.obj
         Debug\Stage_inf.obj
         Debug\Start.obj
         Debug\stdafx.obj
       Manifest:
         c:\Program Files (x86)\Microsoft SDKs\Windows\v7.0A\bin\mt.exe /nologo /verbose /out:"Debug\ShootingGame.exe.embed.manifest" /manifest Debug\ShootingGame.exe.intermediate.manifest
         모든 출력이 최신 상태입니다.
       LinkEmbedManifest:
         모든 출력이 최신 상태입니다.
         ShootingGame.vcxproj -> C:\Users\서유경\ShootingGame\ShootingGame\Debug\ShootingGame.exe
       FinalizeBuildStatus:
         "Debug\ShootingGame.unsuccessfulbuild" 파일을 삭제하고 있습니다.
         "Debug\ShootingGame.lastbuildstate"에 연결(touching)하고 있습니다.
     1>"C:\Users\서유경\ShootingGame\ShootingGame\ShootingGame\ShootingGame.vcxproj" 프로젝트를 빌드했습니다(build 대상).

빌드했습니다.

경과 시간: 00:00:02.24
